<?xml version="1.0" encoding="UTF-8"?>
<!-- Generated by org.testng.reporters.JUnitReportReporter -->
<testsuite hostname="DESKTOP-R9R8TQ8" name="com.ebanking.master.BranchNG" tests="2" failures="0" timestamp="5 May 2020 10:21:02 GMT" time="12.069" errors="0">
  <testcase name="Branchcre" time="6.178" classname="com.ebanking.master.BranchNG"/>
  <testcase name="Branchcre" time="5.891" classname="com.ebanking.master.BranchNG"/>
</testsuite> <!-- com.ebanking.master.BranchNG -->
