<?xml version="1.0" encoding="UTF-8"?>
<!-- Generated by org.testng.reporters.JUnitReportReporter -->
<testsuite hostname="DESKTOP-R9R8TQ8" name="com.ebanking.master.Libraryng" tests="2" failures="0" timestamp="3 May 2020 04:55:07 GMT" time="14.635" errors="0">
  <testcase name="AdminLgn" time="3.574" classname="com.ebanking.master.Libraryng"/>
  <testcase name="OpenApp" time="11.061" classname="com.ebanking.master.Libraryng"/>
</testsuite> <!-- com.ebanking.master.Libraryng -->
