<?xml version="1.0" encoding="UTF-8"?>
<!-- Generated by org.testng.reporters.JUnitReportReporter -->
<testsuite hostname="DESKTOP-R9R8TQ8" name="com.ebanking.master.Branchcre" tests="1" failures="0" timestamp="4 May 2020 06:18:00 GMT" time="7.310" errors="0">
  <testcase name="bcre" time="7.310" classname="com.ebanking.master.Branchcre"/>
</testsuite> <!-- com.ebanking.master.Branchcre -->
