<?xml version="1.0" encoding="UTF-8"?>
<!-- Generated by org.testng.reporters.JUnitReportReporter -->
<testsuite hostname="DESKTOP-R9R8TQ8" name="com.ebanking.master.RoleNG" tests="3" failures="0" timestamp="5 May 2020 10:31:42 GMT" time="34.364" errors="0">
  <testcase name="Role" time="11.357" classname="com.ebanking.master.RoleNG"/>
  <testcase name="Role" time="11.474" classname="com.ebanking.master.RoleNG"/>
  <testcase name="Role" time="11.533" classname="com.ebanking.master.RoleNG"/>
</testsuite> <!-- com.ebanking.master.RoleNG -->
