<?xml version="1.0" encoding="UTF-8"?>
<!-- Generated by org.testng.reporters.JUnitReportReporter -->
<testsuite hostname="DESKTOP-R9R8TQ8" name="imptestng.Hmsadmissionadvise" tests="1" failures="0" timestamp="11 Jan 2020 01:15:41 GMT" time="9.854" errors="0">
  <testcase name="f" time="9.854" classname="imptestng.Hmsadmissionadvise"/>
</testsuite> <!-- imptestng.Hmsadmissionadvise -->
