<?xml version="1.0" encoding="UTF-8"?>
<!-- Generated by org.testng.reporters.JUnitReportReporter -->
<testsuite hostname="DESKTOP-R9R8TQ8" name="spicejet_testng.ArraysEx" tests="1" failures="0" timestamp="9 Jan 2020 00:14:23 GMT" time="0.008" errors="0">
  <testcase name="arrayex3" time="0.008" classname="spicejet_testng.ArraysEx"/>
</testsuite> <!-- spicejet_testng.ArraysEx -->
