<?xml version="1.0" encoding="UTF-8"?>
<!-- Generated by org.testng.reporters.JUnitReportReporter -->
<testsuite hostname="DESKTOP-R9R8TQ8" name="imptestng.Webtable" tests="1" failures="0" timestamp="8 Jan 2020 23:23:39 GMT" time="0.629" errors="0">
  <testcase name="f" time="0.629" classname="imptestng.Webtable"/>
</testsuite> <!-- imptestng.Webtable -->
