<?xml version="1.0" encoding="UTF-8"?>
<!-- Generated by org.testng.reporters.JUnitReportReporter -->
<testsuite hostname="DESKTOP-R9R8TQ8" name="imptestng.AjaxControlWebdriver" tests="1" failures="0" timestamp="9 Jan 2020 23:39:31 GMT" time="2.657" errors="0">
  <testcase name="f" time="2.657" classname="imptestng.AjaxControlWebdriver"/>
</testsuite> <!-- imptestng.AjaxControlWebdriver -->
