<?xml version="1.0" encoding="UTF-8"?>
<!-- Generated by org.testng.reporters.JUnitReportReporter -->
<testsuite hostname="DESKTOP-R9R8TQ8" name="spicejet_testng.PopupWindow" tests="1" failures="0" timestamp="21 Jan 2020 22:55:52 GMT" time="8.274" errors="0">
  <testcase name="f" time="8.274" classname="spicejet_testng.PopupWindow"/>
</testsuite> <!-- spicejet_testng.PopupWindow -->
