<?xml version="1.0" encoding="UTF-8"?>
<!-- Generated by org.testng.reporters.JUnitReportReporter -->
<testsuite hostname="DESKTOP-R9R8TQ8" name="spicejet_testng.StringSplits" tests="1" failures="0" timestamp="8 Jan 2020 23:58:47 GMT" time="0.011" errors="0">
  <testcase name="ex2" time="0.011" classname="spicejet_testng.StringSplits"/>
</testsuite> <!-- spicejet_testng.StringSplits -->
